<?xml version="1.0" encoding="UTF-8"?>
<!-- Generated by org.testng.reporters.JUnitReportReporter -->
<testsuite hostname="Septians-MacBook-Pro.local" failures="0" tests="1" name="com.example.AppTest" time="0.005" errors="0" timestamp="2022-06-17T10:52:55 WIB" skipped="0">
  <testcase classname="com.example.AppTest" name="shouldAnswerWithTrue" time="0.005"/>
  <system-out/>
</testsuite> <!-- com.example.AppTest -->
